<?xml version="1.0" encoding="UTF-8"?>
<coverage generated="1665490852999" clover="3.2.0">
  <project timestamp="1665490852999" name="All files">
    <metrics statements="46" coveredstatements="46" conditionals="35" coveredconditionals="35" methods="7" coveredmethods="7" elements="88" coveredelements="88" complexity="0" loc="46" ncloc="46" packages="1" files="1" classes="1"/>
    <file name="gilded_rose.js" path="/Users/Nizaryou/Desktop/TestWEMANITY/GildedRose-Refactoring-Kata/js-jest/src/gilded_rose.js">
      <metrics statements="46" coveredstatements="46" conditionals="35" coveredconditionals="35" methods="7" coveredmethods="7"/>
      <line num="3" count="14" type="stmt"/>
      <line num="4" count="14" type="stmt"/>
      <line num="5" count="14" type="stmt"/>
      <line num="8" count="1" type="stmt"/>
      <line num="9" count="1" type="stmt"/>
      <line num="17" count="18" type="cond" truecount="2" falsecount="0"/>
      <line num="18" count="13" type="stmt"/>
      <line num="20" count="18" type="stmt"/>
      <line num="21" count="18" type="cond" truecount="4" falsecount="0"/>
      <line num="22" count="7" type="stmt"/>
      <line num="27" count="45" type="cond" truecount="2" falsecount="0"/>
      <line num="28" count="19" type="stmt"/>
      <line num="29" count="19" type="cond" truecount="4" falsecount="0"/>
      <line num="30" count="13" type="stmt"/>
      <line num="32" count="19" type="cond" truecount="4" falsecount="0"/>
      <line num="33" count="8" type="stmt"/>
      <line num="36" count="45" type="stmt"/>
      <line num="37" count="45" type="cond" truecount="2" falsecount="0"/>
      <line num="38" count="8" type="stmt"/>
      <line num="40" count="45" type="cond" truecount="2" falsecount="0"/>
      <line num="41" count="41" type="stmt"/>
      <line num="43" count="45" type="cond" truecount="2" falsecount="0"/>
      <line num="44" count="30" type="stmt"/>
      <line num="49" count="27" type="stmt"/>
      <line num="50" count="27" type="stmt"/>
      <line num="51" count="27" type="cond" truecount="2" falsecount="0"/>
      <line num="52" count="19" type="stmt"/>
      <line num="60" count="18" type="cond" truecount="2" falsecount="0"/>
      <line num="61" count="15" type="stmt"/>
      <line num="63" count="18" type="stmt"/>
      <line num="64" count="18" type="cond" truecount="4" falsecount="0"/>
      <line num="65" count="1" type="stmt"/>
      <line num="76" count="9" type="stmt"/>
      <line num="77" count="126" type="cond" truecount="5" falsecount="0"/>
      <line num="79" count="18" type="stmt"/>
      <line num="80" count="18" type="stmt"/>
      <line num="82" count="45" type="stmt"/>
      <line num="83" count="45" type="stmt"/>
      <line num="85" count="27" type="stmt"/>
      <line num="86" count="27" type="stmt"/>
      <line num="88" count="18" type="stmt"/>
      <line num="89" count="18" type="stmt"/>
      <line num="91" count="18" type="stmt"/>
      <line num="92" count="18" type="stmt"/>
      <line num="96" count="9" type="stmt"/>
      <line num="100" count="1" type="stmt"/>
    </file>
  </project>
</coverage>
