{"/Users/Nizaryou/Desktop/TestWEMANITY/GildedRose-Refactoring-Kata/js-jest/src/gilded_rose.js": {"path":"/Users/Nizaryou/Desktop/TestWEMANITY/GildedRose-Refactoring-Kata/js-jest/src/gilded_rose.js","statementMap":{"0":{"start":{"line":3,"column":4},"end":{"line":3,"column":21}},"1":{"start":{"line":4,"column":4},"end":{"line":4,"column":25}},"2":{"start":{"line":5,"column":4},"end":{"line":5,"column":27}},"3":{"start":{"line":8,"column":26},"end":{"line":8,"column":28}},"4":{"start":{"line":9,"column":18},"end":{"line":14,"column":1}},"5":{"start":{"line":17,"column":2},"end":{"line":19,"column":3}},"6":{"start":{"line":18,"column":4},"end":{"line":18,"column":36}},"7":{"start":{"line":20,"column":2},"end":{"line":20,"column":32}},"8":{"start":{"line":21,"column":2},"end":{"line":23,"column":3}},"9":{"start":{"line":22,"column":4},"end":{"line":22,"column":36}},"10":{"start":{"line":27,"column":2},"end":{"line":35,"column":3}},"11":{"start":{"line":28,"column":4},"end":{"line":28,"column":36}},"12":{"start":{"line":29,"column":4},"end":{"line":31,"column":5}},"13":{"start":{"line":30,"column":6},"end":{"line":30,"column":38}},"14":{"start":{"line":32,"column":4},"end":{"line":34,"column":5}},"15":{"start":{"line":33,"column":6},"end":{"line":33,"column":38}},"16":{"start":{"line":36,"column":2},"end":{"line":36,"column":32}},"17":{"start":{"line":37,"column":2},"end":{"line":39,"column":3}},"18":{"start":{"line":38,"column":4},"end":{"line":38,"column":47}},"19":{"start":{"line":40,"column":2},"end":{"line":42,"column":3}},"20":{"start":{"line":41,"column":4},"end":{"line":41,"column":36}},"21":{"start":{"line":43,"column":2},"end":{"line":45,"column":3}},"22":{"start":{"line":44,"column":4},"end":{"line":44,"column":36}},"23":{"start":{"line":49,"column":2},"end":{"line":49,"column":32}},"24":{"start":{"line":50,"column":2},"end":{"line":50,"column":34}},"25":{"start":{"line":51,"column":2},"end":{"line":53,"column":3}},"26":{"start":{"line":52,"column":4},"end":{"line":52,"column":36}},"27":{"start":{"line":60,"column":2},"end":{"line":62,"column":3}},"28":{"start":{"line":61,"column":4},"end":{"line":61,"column":36}},"29":{"start":{"line":63,"column":2},"end":{"line":63,"column":32}},"30":{"start":{"line":64,"column":2},"end":{"line":66,"column":3}},"31":{"start":{"line":65,"column":4},"end":{"line":65,"column":36}},"32":{"start":{"line":76,"column":4},"end":{"line":94,"column":5}},"33":{"start":{"line":77,"column":6},"end":{"line":93,"column":7}},"34":{"start":{"line":79,"column":10},"end":{"line":79,"column":27}},"35":{"start":{"line":80,"column":10},"end":{"line":80,"column":19}},"36":{"start":{"line":82,"column":10},"end":{"line":82,"column":27}},"37":{"start":{"line":83,"column":10},"end":{"line":83,"column":19}},"38":{"start":{"line":85,"column":10},"end":{"line":85,"column":27}},"39":{"start":{"line":86,"column":10},"end":{"line":86,"column":19}},"40":{"start":{"line":88,"column":10},"end":{"line":88,"column":27}},"41":{"start":{"line":89,"column":10},"end":{"line":89,"column":19}},"42":{"start":{"line":91,"column":10},"end":{"line":91,"column":31}},"43":{"start":{"line":92,"column":10},"end":{"line":92,"column":19}},"44":{"start":{"line":96,"column":4},"end":{"line":96,"column":22}},"45":{"start":{"line":100,"column":0},"end":{"line":103,"column":1}}},"fnMap":{"0":{"name":"(anonymous_0)","decl":{"start":{"line":2,"column":2},"end":{"line":2,"column":3}},"loc":{"start":{"line":2,"column":36},"end":{"line":6,"column":3}},"line":2},"1":{"name":"updateAged","decl":{"start":{"line":16,"column":9},"end":{"line":16,"column":19}},"loc":{"start":{"line":16,"column":26},"end":{"line":24,"column":1}},"line":16},"2":{"name":"updateBack","decl":{"start":{"line":26,"column":9},"end":{"line":26,"column":19}},"loc":{"start":{"line":26,"column":26},"end":{"line":46,"column":1}},"line":26},"3":{"name":"updateConj","decl":{"start":{"line":48,"column":9},"end":{"line":48,"column":19}},"loc":{"start":{"line":48,"column":26},"end":{"line":54,"column":1}},"line":48},"4":{"name":"updateSulf","decl":{"start":{"line":56,"column":9},"end":{"line":56,"column":19}},"loc":{"start":{"line":56,"column":26},"end":{"line":57,"column":1}},"line":56},"5":{"name":"updateStandard","decl":{"start":{"line":59,"column":9},"end":{"line":59,"column":23}},"loc":{"start":{"line":59,"column":30},"end":{"line":67,"column":1}},"line":59},"6":{"name":"(anonymous_6)","decl":{"start":{"line":75,"column":2},"end":{"line":75,"column":3}},"loc":{"start":{"line":75,"column":18},"end":{"line":97,"column":3}},"line":75}},"branchMap":{"0":{"loc":{"start":{"line":17,"column":2},"end":{"line":19,"column":3}},"type":"if","locations":[{"start":{"line":17,"column":2},"end":{"line":19,"column":3}},{"start":{"line":17,"column":2},"end":{"line":19,"column":3}}],"line":17},"1":{"loc":{"start":{"line":21,"column":2},"end":{"line":23,"column":3}},"type":"if","locations":[{"start":{"line":21,"column":2},"end":{"line":23,"column":3}},{"start":{"line":21,"column":2},"end":{"line":23,"column":3}}],"line":21},"2":{"loc":{"start":{"line":21,"column":6},"end":{"line":21,"column":57}},"type":"binary-expr","locations":[{"start":{"line":21,"column":6},"end":{"line":21,"column":21}},{"start":{"line":21,"column":25},"end":{"line":21,"column":57}}],"line":21},"3":{"loc":{"start":{"line":27,"column":2},"end":{"line":35,"column":3}},"type":"if","locations":[{"start":{"line":27,"column":2},"end":{"line":35,"column":3}},{"start":{"line":27,"column":2},"end":{"line":35,"column":3}}],"line":27},"4":{"loc":{"start":{"line":29,"column":4},"end":{"line":31,"column":5}},"type":"if","locations":[{"start":{"line":29,"column":4},"end":{"line":31,"column":5}},{"start":{"line":29,"column":4},"end":{"line":31,"column":5}}],"line":29},"5":{"loc":{"start":{"line":29,"column":8},"end":{"line":29,"column":60}},"type":"binary-expr","locations":[{"start":{"line":29,"column":8},"end":{"line":29,"column":24}},{"start":{"line":29,"column":28},"end":{"line":29,"column":60}}],"line":29},"6":{"loc":{"start":{"line":32,"column":4},"end":{"line":34,"column":5}},"type":"if","locations":[{"start":{"line":32,"column":4},"end":{"line":34,"column":5}},{"start":{"line":32,"column":4},"end":{"line":34,"column":5}}],"line":32},"7":{"loc":{"start":{"line":32,"column":8},"end":{"line":32,"column":59}},"type":"binary-expr","locations":[{"start":{"line":32,"column":8},"end":{"line":32,"column":23}},{"start":{"line":32,"column":27},"end":{"line":32,"column":59}}],"line":32},"8":{"loc":{"start":{"line":37,"column":2},"end":{"line":39,"column":3}},"type":"if","locations":[{"start":{"line":37,"column":2},"end":{"line":39,"column":3}},{"start":{"line":37,"column":2},"end":{"line":39,"column":3}}],"line":37},"9":{"loc":{"start":{"line":40,"column":2},"end":{"line":42,"column":3}},"type":"if","locations":[{"start":{"line":40,"column":2},"end":{"line":42,"column":3}},{"start":{"line":40,"column":2},"end":{"line":42,"column":3}}],"line":40},"10":{"loc":{"start":{"line":43,"column":2},"end":{"line":45,"column":3}},"type":"if","locations":[{"start":{"line":43,"column":2},"end":{"line":45,"column":3}},{"start":{"line":43,"column":2},"end":{"line":45,"column":3}}],"line":43},"11":{"loc":{"start":{"line":51,"column":2},"end":{"line":53,"column":3}},"type":"if","locations":[{"start":{"line":51,"column":2},"end":{"line":53,"column":3}},{"start":{"line":51,"column":2},"end":{"line":53,"column":3}}],"line":51},"12":{"loc":{"start":{"line":60,"column":2},"end":{"line":62,"column":3}},"type":"if","locations":[{"start":{"line":60,"column":2},"end":{"line":62,"column":3}},{"start":{"line":60,"column":2},"end":{"line":62,"column":3}}],"line":60},"13":{"loc":{"start":{"line":64,"column":2},"end":{"line":66,"column":3}},"type":"if","locations":[{"start":{"line":64,"column":2},"end":{"line":66,"column":3}},{"start":{"line":64,"column":2},"end":{"line":66,"column":3}}],"line":64},"14":{"loc":{"start":{"line":64,"column":6},"end":{"line":64,"column":41}},"type":"binary-expr","locations":[{"start":{"line":64,"column":6},"end":{"line":64,"column":21}},{"start":{"line":64,"column":25},"end":{"line":64,"column":41}}],"line":64},"15":{"loc":{"start":{"line":77,"column":6},"end":{"line":93,"column":7}},"type":"switch","locations":[{"start":{"line":78,"column":8},"end":{"line":80,"column":19}},{"start":{"line":81,"column":8},"end":{"line":83,"column":19}},{"start":{"line":84,"column":8},"end":{"line":86,"column":19}},{"start":{"line":87,"column":8},"end":{"line":89,"column":19}},{"start":{"line":90,"column":8},"end":{"line":92,"column":19}}],"line":77}},"s":{"0":14,"1":14,"2":14,"3":1,"4":1,"5":18,"6":13,"7":18,"8":18,"9":7,"10":45,"11":19,"12":19,"13":13,"14":19,"15":8,"16":45,"17":45,"18":8,"19":45,"20":41,"21":45,"22":30,"23":27,"24":27,"25":27,"26":19,"27":18,"28":15,"29":18,"30":18,"31":1,"32":9,"33":126,"34":18,"35":18,"36":45,"37":45,"38":27,"39":27,"40":18,"41":18,"42":18,"43":18,"44":9,"45":1},"f":{"0":14,"1":18,"2":45,"3":27,"4":18,"5":18,"6":9},"b":{"0":[13,5],"1":[7,11],"2":[18,9],"3":[19,26],"4":[13,6],"5":[19,14],"6":[8,11],"7":[19,8],"8":[8,37],"9":[41,4],"10":[30,15],"11":[19,8],"12":[15,3],"13":[1,17],"14":[18,4],"15":[18,45,27,18,18]},"_coverageSchema":"43e27e138ebf9cfc5966b082cf9a028302ed4184","hash":"c643636ec081084cfaefd7e6dbaf1cd47bb5bd7b"}
}
