TN:
SF:/Users/Nizaryou/Desktop/TestWEMANITY/GildedRose-Refactoring-Kata/js-jest/src/gilded_rose.js
FN:2,(anonymous_0)
FN:16,updateAged
FN:26,updateBack
FN:48,updateConj
FN:56,updateSulf
FN:59,updateStandard
FN:75,(anonymous_6)
FNF:7
FNH:7
FNDA:14,(anonymous_0)
FNDA:18,updateAged
FNDA:45,updateBack
FNDA:27,updateConj
FNDA:18,updateSulf
FNDA:18,updateStandard
FNDA:9,(anonymous_6)
DA:3,14
DA:4,14
DA:5,14
DA:8,1
DA:9,1
DA:17,18
DA:18,13
DA:20,18
DA:21,18
DA:22,7
DA:27,45
DA:28,19
DA:29,19
DA:30,13
DA:32,19
DA:33,8
DA:36,45
DA:37,45
DA:38,8
DA:40,45
DA:41,41
DA:43,45
DA:44,30
DA:49,27
DA:50,27
DA:51,27
DA:52,19
DA:60,18
DA:61,15
DA:63,18
DA:64,18
DA:65,1
DA:76,9
DA:77,126
DA:79,18
DA:80,18
DA:82,45
DA:83,45
DA:85,27
DA:86,27
DA:88,18
DA:89,18
DA:91,18
DA:92,18
DA:96,9
DA:100,1
LF:46
LH:46
BRDA:17,0,0,13
BRDA:17,0,1,5
BRDA:21,1,0,7
BRDA:21,1,1,11
BRDA:21,2,0,18
BRDA:21,2,1,9
BRDA:27,3,0,19
BRDA:27,3,1,26
BRDA:29,4,0,13
BRDA:29,4,1,6
BRDA:29,5,0,19
BRDA:29,5,1,14
BRDA:32,6,0,8
BRDA:32,6,1,11
BRDA:32,7,0,19
BRDA:32,7,1,8
BRDA:37,8,0,8
BRDA:37,8,1,37
BRDA:40,9,0,41
BRDA:40,9,1,4
BRDA:43,10,0,30
BRDA:43,10,1,15
BRDA:51,11,0,19
BRDA:51,11,1,8
BRDA:60,12,0,15
BRDA:60,12,1,3
BRDA:64,13,0,1
BRDA:64,13,1,17
BRDA:64,14,0,18
BRDA:64,14,1,4
BRDA:77,15,0,18
BRDA:77,15,1,45
BRDA:77,15,2,27
BRDA:77,15,3,18
BRDA:77,15,4,18
BRF:35
BRH:35
end_of_record
